<?xml version="1.0" encoding="UTF-8"?>
<testsuite name="de.niborblog.simpleswipecard.ExampleUnitTest" tests="1" skipped="0" failures="0" errors="0" timestamp="2024-01-26T20:01:58" hostname="DESKTOP-T1F1SHD" time="0.005">
  <properties/>
  <testcase name="addition_isCorrect" classname="de.niborblog.simpleswipecard.ExampleUnitTest" time="0.005"/>
  <system-out><![CDATA[]]></system-out>
  <system-err><![CDATA[]]></system-err>
</testsuite>
